\BOOKMARK [1][-]{Doc-Start}{Acknowledgements}{}% 1
\BOOKMARK [1][-]{Doc-Start}{Declaration}{}% 2
\BOOKMARK [1][-]{Doc-Start}{Executive\040Summary}{}% 3
\BOOKMARK [1][-]{Doc-Start}{List\040of\040Figures}{}% 4
\BOOKMARK [1][-]{Doc-Start}{List\040of\040Tables}{}% 5
\BOOKMARK [1][-]{Doc-Start}{List\040of\040Acronyms}{}% 6
\BOOKMARK [1][-]{Doc-Start}{List\040of\040Definitions}{}% 7
\BOOKMARK [1][-]{section.1}{Project\040Introduction\040and\040Objectives}{}% 8
\BOOKMARK [2][-]{subsection.1.1}{Individual\040Project\040Introduction}{section.1}% 9
\BOOKMARK [2][-]{subsection.1.2}{Objectives}{section.1}% 10
\BOOKMARK [1][-]{section.2}{Background\040and\040Summary\040of\040Key\040Work\040and\040References}{}% 11
\BOOKMARK [2][-]{subsection.2.1}{Sustainability\040and\040Energy\040Storage\040Systems}{section.2}% 12
\BOOKMARK [2][-]{subsection.2.2}{University\040Energy\040Charges}{section.2}% 13
\BOOKMARK [2][-]{subsection.2.3}{Current\040Peak\040Demand\040Management\040Methods}{section.2}% 14
\BOOKMARK [2][-]{subsection.2.4}{Peak\040Shaving\040Systems\040Literature\040Review}{section.2}% 15
\BOOKMARK [3][-]{subsubsection.2.4.1}{Forecasting\040and\040the\040Use\040of\040ESS\040in\040Load\040Shifting}{subsection.2.4}% 16
\BOOKMARK [3][-]{subsubsection.2.4.2}{Supply\040Levelling}{subsection.2.4}% 17
\BOOKMARK [3][-]{subsubsection.2.4.3}{Battery\040Sizing\040and\040Financial\040Modelling}{subsection.2.4}% 18
\BOOKMARK [2][-]{subsection.2.5}{Comparison\040of\040Energy\040Storage\040Systems}{section.2}% 19
\BOOKMARK [2][-]{subsection.2.6}{Battery\040Selection\040-\040Tesla\040Powerpack\0402}{section.2}% 20
\BOOKMARK [1][-]{section.3}{Battery\040Storage\040Technology\040Key\040Advantages\040and\040Challenges}{}% 21
\BOOKMARK [2][-]{subsection.3.1}{Battery\040Economics}{section.3}% 22
\BOOKMARK [3][-]{subsubsection.3.1.1}{Net\040Present\040Value}{subsection.3.1}% 23
\BOOKMARK [3][-]{subsubsection.3.1.2}{Payback\040Period}{subsection.3.1}% 24
\BOOKMARK [2][-]{subsection.3.2}{Li-ion\040Battery\040Costing}{section.3}% 25
\BOOKMARK [2][-]{subsection.3.3}{Battery\040Lifetime\040Assessment\040-\040Understanding\040Battery\040Degradation}{section.3}% 26
\BOOKMARK [3][-]{subsubsection.3.3.1}{Temperature}{subsection.3.3}% 27
\BOOKMARK [3][-]{subsubsection.3.3.2}{Depth\040of\040Discharge\040\(DoD\)}{subsection.3.3}% 28
\BOOKMARK [3][-]{subsubsection.3.3.3}{Usage}{subsection.3.3}% 29
\BOOKMARK [3][-]{subsubsection.3.3.4}{Charging}{subsection.3.3}% 30
\BOOKMARK [1][-]{section.4}{Battery\040Model\040Definition}{}% 31
\BOOKMARK [2][-]{subsection.4.1}{Model\040Development\040Requirements}{section.4}% 32
\BOOKMARK [3][-]{subsubsection.4.1.1}{Zero-Dimensional\040vs.\040Three-Dimensional\040Modelling}{subsection.4.1}% 33
\BOOKMARK [3][-]{subsubsection.4.1.2}{Code\040Optimisation\040and\040Ease\040of\040Development}{subsection.4.1}% 34
\BOOKMARK [3][-]{subsubsection.4.1.3}{User\040Interface}{subsection.4.1}% 35
\BOOKMARK [2][-]{subsection.4.2}{Creation\040of\040Senate\040House\040Billing\040Model}{section.4}% 36
\BOOKMARK [3][-]{subsubsection.4.2.1}{Representative\040Bill\040Creation}{subsection.4.2}% 37
\BOOKMARK [2][-]{subsection.4.3}{Representative\040Demand\040Profile}{section.4}% 38
\BOOKMARK [2][-]{subsection.4.4}{Definition\040of\040the\040New\040Temple\040Quarter\040Campus}{section.4}% 39
\BOOKMARK [3][-]{subsubsection.4.4.1}{Energy\040Profile\040Tool}{subsection.4.4}% 40
\BOOKMARK [2][-]{subsection.4.5}{Definition\040of\040System\040Strategies}{section.4}% 41
\BOOKMARK [3][-]{subsubsection.4.5.1}{Red\040Rate\040Charge\040Avoidance\040Strategy}{subsection.4.5}% 42
\BOOKMARK [3][-]{subsubsection.4.5.2}{Triad\040Avoidance\040Strategy}{subsection.4.5}% 43
\BOOKMARK [3][-]{subsubsection.4.5.3}{Battery\040Control\040Strategy}{subsection.4.5}% 44
\BOOKMARK [2][-]{subsection.4.6}{\040Input\040Parameters\040and\040Multi-Battery\040Simulation}{section.4}% 45
\BOOKMARK [1][-]{section.5}{Validation\040of\040Model}{}% 46
\BOOKMARK [2][-]{subsection.5.1}{Data\040File}{section.5}% 47
\BOOKMARK [2][-]{subsection.5.2}{Assumptions\040and\040Limitations}{section.5}% 48
\BOOKMARK [1][-]{section.6}{Results}{}% 49
\BOOKMARK [2][-]{subsection.6.1}{Total\040Savings\040and\040Payback\040Period}{section.6}% 50
\BOOKMARK [2][-]{subsection.6.2}{NPV}{section.6}% 51
\BOOKMARK [2][-]{subsection.6.3}{Battery\040Health\040Analysis}{section.6}% 52
\BOOKMARK [2][-]{subsection.6.4}{Discussion\040on\040Optimum\040Battery}{section.6}% 53
\BOOKMARK [2][-]{subsection.6.5}{Sensitivity\040on\040Key\040Assumptions}{section.6}% 54
\BOOKMARK [1][-]{section.7}{Conclusions\040and\040Future\040Work}{}% 55
\BOOKMARK [2][-]{subsection.7.1}{Conclusions\040on\040Modelling\040Tool}{section.7}% 56
\BOOKMARK [2][-]{subsection.7.2}{Conclusions\040on\040Results}{section.7}% 57
\BOOKMARK [2][-]{subsection.7.3}{Future\040Work}{section.7}% 58
\BOOKMARK [1][-]{section.8}{Appendices}{}% 59
\BOOKMARK [2][-]{subsection.8.1}{Battery\040Degredation}{section.8}% 60
\BOOKMARK [2][-]{subsection.8.2}{Senate\040Load\040Profile}{section.8}% 61
\BOOKMARK [2][-]{subsection.8.3}{Model\040Operation\040Parameters}{section.8}% 62
